           0  0.50548075493595890     
           1   161.38769257911855     
           2   322.27899216590254     
           3   483.15443823107603     
           4   644.04539129043576     
           5   804.92958294565744     
           6   965.80895281726657     
           7   1126.7019087774427     
           8   1287.5776201263500     
           9   1448.4648221746188     
          10   1609.3519643725326     
          11   1770.2292768050349     
          12   1931.1203370096605     
          13   2091.9988966594292     
          14   2252.8813385558715     
          15   2413.7710456518985     
          16   2574.6481545610582     
          17   2735.5355088845795     
          18   2896.4192370181081     
          19   3057.2977153071092     
          20   3218.1894128811437     
          21   3379.0686409122095     
          22   3539.9523518107449     
          23   3700.8416645606694     
          24   3861.7176910992466     
          25   4022.6095503715005     
          26   4183.4921597162593     
          27   4344.3728052376800     
          28   4505.2654658566516     
          29   4666.1407695473135     
          30   4827.0299983682708     
          31   4987.9158257831368     
