           0  0.50548075493596567     
           1   161.38769257911875     
           2   322.27899216590293     
           3   483.15443823107654     
           4   644.04539129043690     
           5   804.92958294565904     
           6   965.80895281726646     
           7   1126.7019087774427     
           8   1287.5776201263513     
           9   1448.4648221746227     
          10   1609.3519643725388     
          11   1770.2292768050415     
          12   1931.1203370096671     
          13   2091.9988966594346     
          14   2252.8813385558769     
          15   2413.7710456519039     
          16   2574.6481545610650     
          17   2735.5355088845895     
          18   2896.4192370181213     
          19   3057.2977153071242     
          20   3218.1894128811605     
          21   3379.0686409122304     
          22   3539.9523518107712     
          23   3700.8416645607012     
          24   3861.7176910992835     
          25   4022.6095503715428     
          26   4183.4921597163093     
          27   4344.3728052377382     
          28   4505.2654658567189     
          29   4666.1407695473908     
          30   4827.0299983683599     
          31   4987.9158257832378     
