           0  0.50584862426740007     
           1   161.38745287983502     
           2   322.27738451173229     
           3   483.15456602265562     
           4   644.04641020283168     
           5   804.92988198359205     
           6   965.80966971343366     
           7   1126.7028812619737     
           8   1287.5767869283902     
           9   1448.4679526184364     
          10   1609.3533191116760     
          11   1770.2319557158360     
          12   1931.1230543266058     
          13   2091.9976731549214     
          14   2252.8857917582427     
          15   2413.7728546657881     
          16   2574.6513666638170     
          17   2735.5377469055388     
          18   2896.4178861706046     
          19   3057.3015498783338     
          20   3218.1909313280448     
          21   3379.0710400142066     
          22   3539.9535111110890     
          23   3700.8413204699527     
          24   3861.7200132926605     
          25   4022.6115235159359     
          26   4183.4942103414614     
          27   4344.3744860484703     
          28   4505.2672575712950     
          29   4666.1418943750514     
          30   4827.0335746468800     
          31   4987.9184026699049     
