0.50609054912657792 
161.38707291479540 
322.27584475810579 
483.15499369351403 
644.04578326280489 
804.92864963186776 
965.80932034516059 
1126.7021066258155 
1287.5777129869671 
1448.4688714968715 
1609.3527252709184 
1770.2323313673703 
1931.1253898710243 
2091.9976190313187 
2252.8873473688491 
2413.7709952456253 
2574.6488644747410 
2735.5390593802754 
2896.4097176278801 
3057.2971328653161 
3218.1805102938160 
3379.0570181531398 
3539.9431554317111 
3700.8153872865314 
3861.7006027823631 
4022.5848360546097 
4183.4614734587867 
4344.3443531285984 
4505.2214486195480 
4666.1048250688837 
